<?xml version="1.0" encoding="UTF-8"?>
<testng-results ignored="0" total="3" passed="3" failed="0" skipped="0">
  <reporter-output>
    <line>
      <![CDATA[Executing: Card search]]>
    </line>
    <line>
      <![CDATA[Browser: chrome]]>
    </line>
    <line>
      <![CDATA[Page URL: https://mtg4allitpeople.azurewebsites.net/]]>
    </line>
    <line>
      <![CDATA[]]>
    </line>
    <line>
      <![CDATA[Executing: Test a card search by card name]]>
    </line>
    <line>
      <![CDATA[Start Date: Sun Sep 23 16:04:20 BST 2018]]>
    </line>
    <line>
      <![CDATA[ClassName: com.tandeminnovation.launcher.TestLauncher]]>
    </line>
    <line>
      <![CDATA[MethodName: generalTest]]>
    </line>
    <line>
      <![CDATA[Test status: Passed]]>
    </line>
    <line>
      <![CDATA[Finishing: Test a card search by card name]]>
    </line>
    <line>
      <![CDATA[Finish Date: Sun Sep 23 16:04:44 BST 2018]]>
    </line>
    <line>
      <![CDATA[]]>
    </line>
    <line>
      <![CDATA[Executing: Test a card search by artist name]]>
    </line>
    <line>
      <![CDATA[Start Date: Sun Sep 23 16:04:44 BST 2018]]>
    </line>
    <line>
      <![CDATA[ClassName: com.tandeminnovation.launcher.TestLauncher]]>
    </line>
    <line>
      <![CDATA[MethodName: generalTest]]>
    </line>
    <line>
      <![CDATA[Test status: Passed]]>
    </line>
    <line>
      <![CDATA[Finishing: Test a card search by artist name]]>
    </line>
    <line>
      <![CDATA[Finish Date: Sun Sep 23 16:04:52 BST 2018]]>
    </line>
    <line>
      <![CDATA[]]>
    </line>
    <line>
      <![CDATA[Executing: Test a card search by card type]]>
    </line>
    <line>
      <![CDATA[Start Date: Sun Sep 23 16:04:52 BST 2018]]>
    </line>
    <line>
      <![CDATA[ClassName: com.tandeminnovation.launcher.TestLauncher]]>
    </line>
    <line>
      <![CDATA[MethodName: generalTest]]>
    </line>
    <line>
      <![CDATA[Test status: Passed]]>
    </line>
  </reporter-output>
  <suite started-at="2018-09-23T15:04:20Z" name="Card search" finished-at="2018-09-23T15:05:00Z" duration-ms="40038">
    <groups>
    </groups>
    <test started-at="2018-09-23T15:04:20Z" name="Test a card search by card name" finished-at="2018-09-23T15:04:44Z" duration-ms="23328">
      <class name="com.tandeminnovation.launcher.TestLauncher">
        <test-method is-config="true" signature="beforeClass(java.lang.String, java.lang.String)[pri:0, instance:com.tandeminnovation.launcher.TestLauncher@4d826d77]" started-at="2018-09-23T15:04:20Z" name="beforeClass" finished-at="2018-09-23T15:04:27Z" duration-ms="6653" status="PASS">
          <params>
            <param index="0">
              <value>
                <![CDATA[chrome]]>
              </value>
            </param>
            <param index="1">
              <value>
                <![CDATA[https://mtg4allitpeople.azurewebsites.net/]]>
              </value>
            </param>
          </params>
          <reporter-output>
          </reporter-output>
        </test-method> <!-- beforeClass -->
        <test-method is-config="true" signature="beforeMethod(java.lang.String)[pri:0, instance:com.tandeminnovation.launcher.TestLauncher@4d826d77]" started-at="2018-09-23T15:04:27Z" name="beforeMethod" finished-at="2018-09-23T15:04:27Z" duration-ms="4" status="PASS">
          <params>
            <param index="0">
              <value>
                <![CDATA[noFile]]>
              </value>
            </param>
          </params>
          <reporter-output>
          </reporter-output>
        </test-method> <!-- beforeMethod -->
        <test-method signature="generalTest(java.lang.String)[pri:0, instance:com.tandeminnovation.launcher.TestLauncher@4d826d77]" started-at="2018-09-23T15:04:27Z" name="generalTest" finished-at="2018-09-23T15:04:43Z" duration-ms="16014" status="PASS">
          <params>
            <param index="0">
              <value>
                <![CDATA[./test/search/tc01/test.properties]]>
              </value>
            </param>
          </params>
          <reporter-output>
            <line>
              <![CDATA[ClassName: com.tandeminnovation.launcher.TestLauncher]]>
            </line>
            <line>
              <![CDATA[MethodName: generalTest]]>
            </line>
            <line>
              <![CDATA[Test status: Passed]]>
            </line>
          </reporter-output>
        </test-method> <!-- generalTest -->
        <test-method is-config="true" signature="afterClass()[pri:0, instance:com.tandeminnovation.launcher.TestLauncher@4d826d77]" started-at="2018-09-23T15:04:43Z" name="afterClass" finished-at="2018-09-23T15:04:44Z" duration-ms="616" status="PASS">
          <reporter-output>
          </reporter-output>
        </test-method> <!-- afterClass -->
      </class> <!-- com.tandeminnovation.launcher.TestLauncher -->
    </test> <!-- Test a card search by card name -->
    <test started-at="2018-09-23T15:04:44Z" name="Test a card search by artist name" finished-at="2018-09-23T15:04:52Z" duration-ms="8385">
      <class name="com.tandeminnovation.launcher.TestLauncher">
        <test-method is-config="true" signature="beforeClass(java.lang.String, java.lang.String)[pri:0, instance:com.tandeminnovation.launcher.TestLauncher@3ec300f1]" started-at="2018-09-23T15:04:44Z" name="beforeClass" finished-at="2018-09-23T15:04:49Z" duration-ms="5162" status="PASS">
          <params>
            <param index="0">
              <value>
                <![CDATA[chrome]]>
              </value>
            </param>
            <param index="1">
              <value>
                <![CDATA[https://mtg4allitpeople.azurewebsites.net/]]>
              </value>
            </param>
          </params>
          <reporter-output>
          </reporter-output>
        </test-method> <!-- beforeClass -->
        <test-method signature="generalTest(java.lang.String)[pri:0, instance:com.tandeminnovation.launcher.TestLauncher@3ec300f1]" started-at="2018-09-23T15:04:49Z" name="generalTest" finished-at="2018-09-23T15:04:51Z" duration-ms="2563" status="PASS">
          <params>
            <param index="0">
              <value>
                <![CDATA[./test/search/tc02/test.properties]]>
              </value>
            </param>
          </params>
          <reporter-output>
            <line>
              <![CDATA[ClassName: com.tandeminnovation.launcher.TestLauncher]]>
            </line>
            <line>
              <![CDATA[MethodName: generalTest]]>
            </line>
            <line>
              <![CDATA[Test status: Passed]]>
            </line>
          </reporter-output>
        </test-method> <!-- generalTest -->
        <test-method is-config="true" signature="beforeMethod(java.lang.String)[pri:0, instance:com.tandeminnovation.launcher.TestLauncher@3ec300f1]" started-at="2018-09-23T15:04:49Z" name="beforeMethod" finished-at="2018-09-23T15:04:49Z" duration-ms="0" status="PASS">
          <params>
            <param index="0">
              <value>
                <![CDATA[noFile]]>
              </value>
            </param>
          </params>
          <reporter-output>
          </reporter-output>
        </test-method> <!-- beforeMethod -->
        <test-method is-config="true" signature="afterClass()[pri:0, instance:com.tandeminnovation.launcher.TestLauncher@3ec300f1]" started-at="2018-09-23T15:04:51Z" name="afterClass" finished-at="2018-09-23T15:04:52Z" duration-ms="659" status="PASS">
          <reporter-output>
          </reporter-output>
        </test-method> <!-- afterClass -->
      </class> <!-- com.tandeminnovation.launcher.TestLauncher -->
    </test> <!-- Test a card search by artist name -->
    <test started-at="2018-09-23T15:04:52Z" name="Test a card search by card type" finished-at="2018-09-23T15:05:00Z" duration-ms="8288">
      <class name="com.tandeminnovation.launcher.TestLauncher">
        <test-method is-config="true" signature="beforeClass(java.lang.String, java.lang.String)[pri:0, instance:com.tandeminnovation.launcher.TestLauncher@1f1c7bf6]" started-at="2018-09-23T15:04:52Z" name="beforeClass" finished-at="2018-09-23T15:04:57Z" duration-ms="5091" status="PASS">
          <params>
            <param index="0">
              <value>
                <![CDATA[chrome]]>
              </value>
            </param>
            <param index="1">
              <value>
                <![CDATA[https://mtg4allitpeople.azurewebsites.net/]]>
              </value>
            </param>
          </params>
          <reporter-output>
          </reporter-output>
        </test-method> <!-- beforeClass -->
        <test-method is-config="true" signature="beforeMethod(java.lang.String)[pri:0, instance:com.tandeminnovation.launcher.TestLauncher@1f1c7bf6]" started-at="2018-09-23T15:04:57Z" name="beforeMethod" finished-at="2018-09-23T15:04:57Z" duration-ms="0" status="PASS">
          <params>
            <param index="0">
              <value>
                <![CDATA[noFile]]>
              </value>
            </param>
          </params>
          <reporter-output>
          </reporter-output>
        </test-method> <!-- beforeMethod -->
        <test-method signature="generalTest(java.lang.String)[pri:0, instance:com.tandeminnovation.launcher.TestLauncher@1f1c7bf6]" started-at="2018-09-23T15:04:57Z" name="generalTest" finished-at="2018-09-23T15:05:00Z" duration-ms="2603" status="PASS">
          <params>
            <param index="0">
              <value>
                <![CDATA[./test/search/tc03/test.properties]]>
              </value>
            </param>
          </params>
          <reporter-output>
            <line>
              <![CDATA[ClassName: com.tandeminnovation.launcher.TestLauncher]]>
            </line>
            <line>
              <![CDATA[MethodName: generalTest]]>
            </line>
            <line>
              <![CDATA[Test status: Passed]]>
            </line>
          </reporter-output>
        </test-method> <!-- generalTest -->
        <test-method is-config="true" signature="afterClass()[pri:0, instance:com.tandeminnovation.launcher.TestLauncher@1f1c7bf6]" started-at="2018-09-23T15:05:00Z" name="afterClass" finished-at="2018-09-23T15:05:00Z" duration-ms="590" status="PASS">
          <reporter-output>
          </reporter-output>
        </test-method> <!-- afterClass -->
      </class> <!-- com.tandeminnovation.launcher.TestLauncher -->
    </test> <!-- Test a card search by card type -->
  </suite> <!-- Card search -->
</testng-results>
