<?xml version="1.0" encoding="UTF-8"?>
<!-- Generated by org.testng.reporters.JUnitXMLReporter -->
<testsuite ignored="0" hostname="DESKTOP-697SAQJ" failures="1" tests="1" name="Test a failed login with user and password" time="11.042" errors="0" timestamp="21 set 2018 14:13:51 GMT">
  <testcase classname="com.tandeminnovation.launcher.TestLauncher" name="generalTest" time="1.203">
    <failure type="java.lang.AssertionError" message="expected [NÃO TEM CONTA?] but found [NÃO TEM CONTA?]">
      <![CDATA[java.lang.AssertionError: expected [NÃO TEM CONTA?] but found [NÃO TEM CONTA?]
at com.tandeminnovation.utilities.FileReader.parseFile(FileReader.java:67)
at com.tandeminnovation.launcher.TestLauncher.generalTest(TestLauncher.java:80)
at com.tandeminnovation.launcher.SuiteLauncher.launchSuite(SuiteLauncher.java:193)
at com.tandeminnovation.launcher.SuiteLauncher.main(SuiteLauncher.java:219)
... Removed 28 stack frames]]>
    </failure>
  </testcase> <!-- generalTest -->
</testsuite> <!-- Test a failed login with user and password -->
